<?xml version="1.0" encoding="UTF-8"?>
<!-- Generated by org.testng.reporters.JUnitXMLReporter -->
<testsuite hostname="LAPTOP-G176N8GQ" ignored="1" name="Login Test" tests="1" failures="0" timestamp="2022-12-12T11:20:59 GMT" time="9.337" errors="0">
  <testcase name="verifyTheErrorMessage" time="2.634" classname="com.ultimateqa.courses.testsuite.SignInPageTest"/>
  <testcase name="userShouldNavigateToLoginPageSuccessfully" time="0.0" classname="com.ultimateqa.courses.testsuite.SignInPageTest">
    <ignored/>
  </testcase> <!-- userShouldNavigateToLoginPageSuccessfully -->
</testsuite> <!-- Login Test -->
