<?xml version="1.0" encoding="UTF-8"?>
<!-- Generated by org.testng.reporters.JUnitXMLReporter -->
<testsuite hostname="LAPTOP-G176N8GQ" ignored="1" name="Login Test" tests="1" failures="0" timestamp="2022-12-12T11:19:49 GMT" time="12.335" errors="0">
  <testcase name="userShouldNavigateToLoginPageSuccessfully" time="1.266" classname="com.ultimateqa.courses.testsuite.SignInPageTest"/>
  <testcase name="verifyTheErrorMessage" time="0.0" classname="com.ultimateqa.courses.testsuite.SignInPageTest">
    <ignored/>
  </testcase> <!-- verifyTheErrorMessage -->
</testsuite> <!-- Login Test -->
