<?xml version="1.0" encoding="UTF-8"?>
<!-- Generated by org.testng.reporters.JUnitXMLReporter -->
<testsuite hostname="LAPTOP-G176N8GQ" ignored="0" name="Login Test" tests="2" failures="0" timestamp="2022-12-12T11:22:45 GMT" time="37.301" errors="0">
  <testcase name="userShouldNavigateToLoginPageSuccessfully" time="2.214" classname="com.ultimateqa.courses.testsuite.SignInPageTest"/>
  <testcase name="verifyTheErrorMessage" time="3.059" classname="com.ultimateqa.courses.testsuite.SignInPageTest"/>
</testsuite> <!-- Login Test -->
