<?xml version="1.0" encoding="UTF-8"?>
<testsuite name="Login Test"
           tests="2"
           failures="0"
           errors="0"
           skipped="0"
           time="5.273">
  <properties />
  
  
            <testcase name="verifyTheErrorMessage" time="3.059" classname="com.ultimateqa.courses.testsuite.SignInPageTest" />
                <testcase name="userShouldNavigateToLoginPageSuccessfully" time="2.214" classname="com.ultimateqa.courses.testsuite.SignInPageTest" />
      
</testsuite>
