<?xml version="1.0" encoding="UTF-8"?>
<!-- Generated by org.testng.reporters.JUnitXMLReporter -->
<testsuite hostname="LAPTOP-G176N8GQ" ignored="0" name="Login Test" tests="2" failures="0" timestamp="2022-12-11T16:47:52 GMT" time="17.424" errors="0">
  <testcase name="userShouldNavigateToLoginPageSuccessfully" time="1.318" classname="com.ultimateqa.courses.testsuite.SignInPageTest"/>
  <testcase name="verifyTheErrorMessage" time="3.277" classname="com.ultimateqa.courses.testsuite.SignInPageTest"/>
</testsuite> <!-- Login Test -->
